Build started 2014-12-10 11:53:13.
     1>Project "C:\Users\Mateusz\Documents\GitHub\Project_SRPP\Komiwojazer\Komiwojazer.vcxproj" on node 2 (Rebuild target(s)).
     1>ClCompile:
         C:\Program Files (x86)\Microsoft Visual Studio 11.0\VC\bin\CL.exe /c /Zi /nologo /W3 /WX- /O2 /Oi /Oy- /GL /D _MBCS /Gm- /EHsc /MD /GS /Gy /fp:precise /Zc:wchar_t /Zc:forScope /Fo"Release\\" /Fd"Release\vc110.pdb" /Gd /TP /analyze- /errorReport:prompt AlgorithmController.cpp DataOperations.cpp FileManager.cpp GRASP.cpp Main.cpp FlowerAlgorithm.cpp NearestNeighbour.cpp TabuSearch.cpp TwoOpt.cpp Visualization.cpp
         AlgorithmController.cpp
     1>AlgorithmController.cpp(45): warning C4244: 'initializing' : conversion from 'int' to 'float', possible loss of data
     1>AlgorithmController.cpp(46): warning C4244: 'initializing' : conversion from 'int' to 'float', possible loss of data
     1>AlgorithmController.cpp(47): warning C4244: 'initializing' : conversion from 'int' to 'float', possible loss of data
     1>AlgorithmController.cpp(48): warning C4244: 'initializing' : conversion from 'int' to 'float', possible loss of data
         DataOperations.cpp
     1>DataOperations.cpp(30): warning C4018: '<' : signed/unsigned mismatch
         FileManager.cpp
     1>FileManager.cpp(8): warning C4996: 'sprintf': This function or variable may be unsafe. Consider using sprintf_s instead. To disable deprecation, use _CRT_SECURE_NO_WARNINGS. See online help for details.
                 C:\Program Files (x86)\Microsoft Visual Studio 11.0\VC\include\stdio.h(357) : see declaration of 'sprintf'
     1>FileManager.cpp(25): warning C4018: '<' : signed/unsigned mismatch
     1>FileManager.cpp(39): warning C4018: '>=' : signed/unsigned mismatch
     1>FileManager.cpp(56): warning C4996: 'fopen': This function or variable may be unsafe. Consider using fopen_s instead. To disable deprecation, use _CRT_SECURE_NO_WARNINGS. See online help for details.
                 C:\Program Files (x86)\Microsoft Visual Studio 11.0\VC\include\stdio.h(218) : see declaration of 'fopen'
     1>FileManager.cpp(60): warning C4996: 'sscanf': This function or variable may be unsafe. Consider using sscanf_s instead. To disable deprecation, use _CRT_SECURE_NO_WARNINGS. See online help for details.
                 C:\Program Files (x86)\Microsoft Visual Studio 11.0\VC\include\stdio.h(311) : see declaration of 'sscanf'
     1>FileManager.cpp(66): warning C4996: 'sscanf': This function or variable may be unsafe. Consider using sscanf_s instead. To disable deprecation, use _CRT_SECURE_NO_WARNINGS. See online help for details.
                 C:\Program Files (x86)\Microsoft Visual Studio 11.0\VC\include\stdio.h(311) : see declaration of 'sscanf'
     1>FileManager.cpp(74): warning C4996: 'sscanf': This function or variable may be unsafe. Consider using sscanf_s instead. To disable deprecation, use _CRT_SECURE_NO_WARNINGS. See online help for details.
                 C:\Program Files (x86)\Microsoft Visual Studio 11.0\VC\include\stdio.h(311) : see declaration of 'sscanf'
     1>FileManager.cpp(49): warning C4101: 'n' : unreferenced local variable
         GRASP.cpp
     1>GRASP.cpp(27): warning C4018: '<' : signed/unsigned mismatch
     1>GRASP.cpp(66): warning C4244: 'initializing' : conversion from 'double' to 'float', possible loss of data
     1>GRASP.cpp(67): warning C4305: '*=' : truncation from 'double' to 'float'
     1>GRASP.cpp(68): warning C4244: '+=' : conversion from 'double' to 'float', possible loss of data
     1>GRASP.cpp(70): warning C4018: '<' : signed/unsigned mismatch
     1>GRASP.cpp(88): warning C4018: '<' : signed/unsigned mismatch
     1>GRASP.cpp(176): warning C4244: 'initializing' : conversion from 'double' to 'float', possible loss of data
     1>GRASP.cpp(164): warning C4101: 'i' : unreferenced local variable
         Main.cpp
         FlowerAlgorithm.cpp
     1>FlowerAlgorithm.cpp(113): warning C4244: '=' : conversion from 'double' to 'float', possible loss of data
     1>FlowerAlgorithm.cpp(140): warning C4244: '=' : conversion from 'double' to 'float', possible loss of data
         NearestNeighbour.cpp
         TabuSearch.cpp
     1>TabuSearch.cpp(73): warning C4018: '<' : signed/unsigned mismatch
     1>TabuSearch.cpp(95): warning C4018: '<' : signed/unsigned mismatch
     1>TabuSearch.cpp(114): warning C4018: '<' : signed/unsigned mismatch
     1>TabuSearch.cpp(136): warning C4018: '<' : signed/unsigned mismatch
     1>TabuSearch.cpp(142): warning C4018: '<' : signed/unsigned mismatch
         TwoOpt.cpp
         Visualization.cpp
       ResourceCompile:
         C:\Program Files (x86)\Windows Kits\8.0\bin\x86\rc.exe /l"0x0409" /nologo /fo"Release\Komiwojazer.res" Komiwojazer.rc 
       Link:
         C:\Program Files (x86)\Microsoft Visual Studio 11.0\VC\bin\link.exe /ERRORREPORT:PROMPT /OUT:"C:\Users\Mateusz\Documents\GitHub\Project_SRPP\Release\Komiwojazer.exe" /NOLOGO kernel32.lib user32.lib gdi32.lib winspool.lib comdlg32.lib advapi32.lib shell32.lib ole32.lib oleaut32.lib uuid.lib odbc32.lib odbccp32.lib /MANIFEST /MANIFESTUAC:"level='asInvoker' uiAccess='false'" /manifest:embed /DEBUG /PDB:"C:\Users\Mateusz\Documents\GitHub\Project_SRPP\Release\Komiwojazer.pdb" /OPT:REF /OPT:ICF /LTCG /TLBID:1 /DYNAMICBASE /NXCOMPAT /IMPLIB:"C:\Users\Mateusz\Documents\GitHub\Project_SRPP\Release\Komiwojazer.lib" /MACHINE:X86 /SAFESEH Release\Komiwojazer.res
         Release\AlgorithmController.obj
         Release\DataOperations.obj
         Release\FileManager.obj
         Release\GRASP.obj
         Release\Main.obj
         Release\FlowerAlgorithm.obj
         Release\NearestNeighbour.obj
         Release\TabuSearch.obj
         Release\TwoOpt.obj
         Release\Visualization.obj
         Generating code
     1>c:\users\mateusz\documents\github\project_srpp\komiwojazer\algorithmcontroller.cpp(39): warning C4715: 'findPath' : not all control paths return a value
         Finished generating code
         Komiwojazer.vcxproj -> C:\Users\Mateusz\Documents\GitHub\Project_SRPP\Release\Komiwojazer.exe
     1>Done Building Project "C:\Users\Mateusz\Documents\GitHub\Project_SRPP\Komiwojazer\Komiwojazer.vcxproj" (Rebuild target(s)).

Build succeeded.

Time Elapsed 00:00:44.24
