C:\USERS\MATEUSZ\DOCUMENTS\GITHUB\PROJECT_SRPP\KOMIWOJAZER\RELEASE\VISUALIZATION.OBJ
C:\USERS\MATEUSZ\DOCUMENTS\GITHUB\PROJECT_SRPP\KOMIWOJAZER\RELEASE\TWOOPT.OBJ
C:\USERS\MATEUSZ\DOCUMENTS\GITHUB\PROJECT_SRPP\KOMIWOJAZER\RELEASE\TABUSEARCH.OBJ
C:\USERS\MATEUSZ\DOCUMENTS\GITHUB\PROJECT_SRPP\KOMIWOJAZER\RELEASE\NEARESTNEIGHBOUR.OBJ
C:\USERS\MATEUSZ\DOCUMENTS\GITHUB\PROJECT_SRPP\KOMIWOJAZER\RELEASE\FLOWERALGORITHM.OBJ
C:\USERS\MATEUSZ\DOCUMENTS\GITHUB\PROJECT_SRPP\KOMIWOJAZER\RELEASE\MAIN.OBJ
C:\USERS\MATEUSZ\DOCUMENTS\GITHUB\PROJECT_SRPP\KOMIWOJAZER\RELEASE\GRASP.OBJ
C:\USERS\MATEUSZ\DOCUMENTS\GITHUB\PROJECT_SRPP\KOMIWOJAZER\RELEASE\FILEMANAGER.OBJ
C:\USERS\MATEUSZ\DOCUMENTS\GITHUB\PROJECT_SRPP\KOMIWOJAZER\RELEASE\DATAOPERATIONS.OBJ
C:\USERS\MATEUSZ\DOCUMENTS\GITHUB\PROJECT_SRPP\KOMIWOJAZER\RELEASE\ALGORITHMCONTROLLER.OBJ
C:\USERS\MATEUSZ\DOCUMENTS\GITHUB\PROJECT_SRPP\KOMIWOJAZER\RELEASE\VC110.PDB
C:\USERS\MATEUSZ\DOCUMENTS\GITHUB\PROJECT_SRPP\KOMIWOJAZER\RELEASE\KOMIWOJAZER.RES
C:\Users\Mateusz\Documents\GitHub\Project_SRPP\Komiwojazer\Release\AlgorithmController.obj
C:\Users\Mateusz\Documents\GitHub\Project_SRPP\Komiwojazer\Release\DataOperations.obj
C:\Users\Mateusz\Documents\GitHub\Project_SRPP\Komiwojazer\Release\FileManager.obj
C:\Users\Mateusz\Documents\GitHub\Project_SRPP\Komiwojazer\Release\FlowerAlgorithm.obj
C:\Users\Mateusz\Documents\GitHub\Project_SRPP\Komiwojazer\Release\GRASP.obj
C:\Users\Mateusz\Documents\GitHub\Project_SRPP\Komiwojazer\Release\Main.obj
C:\Users\Mateusz\Documents\GitHub\Project_SRPP\Komiwojazer\Release\NearestNeighbour.obj
C:\Users\Mateusz\Documents\GitHub\Project_SRPP\Komiwojazer\Release\TabuSearch.obj
C:\Users\Mateusz\Documents\GitHub\Project_SRPP\Komiwojazer\Release\TwoOpt.obj
C:\Users\Mateusz\Documents\GitHub\Project_SRPP\Komiwojazer\Release\Visualization.obj
C:\Users\Mateusz\Documents\GitHub\Project_SRPP\Komiwojazer\Release\cl.command.1.tlog
C:\Users\Mateusz\Documents\GitHub\Project_SRPP\Komiwojazer\Release\CL.read.1.tlog
C:\Users\Mateusz\Documents\GitHub\Project_SRPP\Komiwojazer\Release\CL.write.1.tlog
C:\Users\Mateusz\Documents\GitHub\Project_SRPP\Komiwojazer\Release\link-cvtres.read.1.tlog
C:\Users\Mateusz\Documents\GitHub\Project_SRPP\Komiwojazer\Release\link-cvtres.write.1.tlog
C:\Users\Mateusz\Documents\GitHub\Project_SRPP\Komiwojazer\Release\link-rc.read.1.tlog
C:\Users\Mateusz\Documents\GitHub\Project_SRPP\Komiwojazer\Release\link-rc.write.1.tlog
C:\Users\Mateusz\Documents\GitHub\Project_SRPP\Komiwojazer\Release\link.command.1.tlog
C:\Users\Mateusz\Documents\GitHub\Project_SRPP\Komiwojazer\Release\link.read.1.tlog
C:\Users\Mateusz\Documents\GitHub\Project_SRPP\Komiwojazer\Release\link.read.3.tlog
C:\Users\Mateusz\Documents\GitHub\Project_SRPP\Komiwojazer\Release\link.read.5.tlog
C:\Users\Mateusz\Documents\GitHub\Project_SRPP\Komiwojazer\Release\link.write.1.tlog
C:\Users\Mateusz\Documents\GitHub\Project_SRPP\Komiwojazer\Release\rc.command.1.tlog
C:\Users\Mateusz\Documents\GitHub\Project_SRPP\Komiwojazer\Release\rc.read.1.tlog
C:\Users\Mateusz\Documents\GitHub\Project_SRPP\Komiwojazer\Release\rc.write.1.tlog
C:\Users\Mateusz\Documents\GitHub\Project_SRPP\Komiwojazer\Release\Komiwojazer.res
C:\Users\Mateusz\Documents\GitHub\Project_SRPP\Komiwojazer\Release\vc110.pdb
C:\Users\Mateusz\Documents\GitHub\Project_SRPP\Release\Komiwojazer.pdb
C:\Users\Mateusz\Documents\GitHub\Project_SRPP\Release\Komiwojazer.exe
